mode: set
example-project/datasource/databaseClient.go:25.43,34.2 3 0
example-project/datasource/databaseClient.go:36.60,38.16 2 1
example-project/datasource/databaseClient.go:41.2,41.28 1 1
example-project/datasource/databaseClient.go:38.16,40.3 1 0
example-project/datasource/databaseClient.go:44.51,49.16 5 0
example-project/datasource/databaseClient.go:52.2,52.17 1 0
example-project/datasource/databaseClient.go:49.16,51.3 1 0
example-project/handler/handler.go:20.60,24.2 1 1
example-project/handler/handler.go:26.62,29.16 3 0
example-project/handler/handler.go:36.2,37.23 2 0
example-project/handler/handler.go:29.16,34.3 2 0
example-project/handler/handler.go:40.59,42.9 2 1
example-project/handler/handler.go:49.2,51.33 3 1
example-project/handler/handler.go:42.9,47.3 2 0
example-project/service/registerService.go:17.72,21.2 1 1
example-project/service/registerService.go:23.82,26.37 2 0
example-project/service/registerService.go:30.2,30.36 1 0
example-project/service/registerService.go:26.37,29.3 1 0
example-project/service/registerService.go:33.68,35.2 1 1
